<?xml version="1.0" encoding="UTF-8"?>
<testsuite name="com.biblioteca.FiltrarLibrosPorGeneroTest" tests="2" skipped="0" failures="0" errors="0" timestamp="2025-04-29T13:40:41" hostname="LAPTOP-1Q2OPEL5" time="0.127">
  <properties/>
  <testcase name="testFiltrarLibrosGeneroExistente" classname="com.biblioteca.FiltrarLibrosPorGeneroTest" time="0.113"/>
  <testcase name="testFiltrarLibrosGeneroInexistente" classname="com.biblioteca.FiltrarLibrosPorGeneroTest" time="0.003"/>
  <system-out><![CDATA[]]></system-out>
  <system-err><![CDATA[]]></system-err>
</testsuite>
