<?xml version="1.0" encoding="UTF-8"?>
<testsuite name="com.biblioteca.FiltrarLibrosPorGeneroTest" tests="2" skipped="0" failures="0" errors="0" timestamp="2025-04-23T15:44:23" hostname="LAPTOP-1Q2OPEL5" time="0.059">
  <properties/>
  <testcase name="testFiltrarLibrosGeneroExistente" classname="com.biblioteca.FiltrarLibrosPorGeneroTest" time="0.05"/>
  <testcase name="testFiltrarLibrosGeneroInexistente" classname="com.biblioteca.FiltrarLibrosPorGeneroTest" time="0.001"/>
  <system-out><![CDATA[]]></system-out>
  <system-err><![CDATA[]]></system-err>
</testsuite>
